<?xml version="1.0" encoding="UTF-8"?>
<!-- Generated by org.testng.reporters.JUnitReportReporter -->
<testsuite hostname="JarvisLaptop" failures="0" tests="1" name="Insurance.HealthInsurance" time="0.010" errors="0" timestamp="2022-09-12T20:29:50 IST" skipped="0">
  <testcase classname="Insurance.HealthInsurance" name="HealthWebLogin" time="0.010"/>
  <system-out/>
</testsuite> <!-- Insurance.HealthInsurance -->
