<?xml version="1.0" encoding="UTF-8"?>
<!-- Generated by org.testng.reporters.JUnitReportReporter -->
<testsuite hostname="JarvisLaptop" failures="0" tests="5" name="Insurance.DogInsurance" time="0.014" errors="0" timestamp="2022-09-05T19:05:09 IST" skipped="0">
  <testcase classname="Insurance.DogInsurance" name="CatWebLogin" time="0.006"/>
  <system-out/>
  <testcase classname="Insurance.DogInsurance" name="DogWebLogin" time="0.002"/>
  <system-out/>
  <testcase classname="Insurance.DogInsurance" name="DogWebLogOut" time="0.003"/>
  <system-out/>
  <testcase classname="Insurance.DogInsurance" name="DogMobileLogIn" time="0.001"/>
  <system-out/>
  <testcase classname="Insurance.DogInsurance" name="DogMobileLogOut" time="0.002"/>
  <system-out/>
</testsuite> <!-- Insurance.DogInsurance -->
