<?xml version="1.0" encoding="UTF-8"?>
<!-- Generated by org.testng.reporters.JUnitReportReporter -->
<testsuite hostname="JarvisLaptop" failures="0" tests="1" name="Insurance.HomeInsurance" time="0.002" errors="0" timestamp="2022-09-12T20:29:50 IST" skipped="0">
  <testcase classname="Insurance.HomeInsurance" name="HomeWebLogin" time="0.002"/>
  <system-out/>
</testsuite> <!-- Insurance.HomeInsurance -->
