<?xml version="1.0" encoding="UTF-8"?>
<!-- Generated by org.testng.reporters.JUnitReportReporter -->
<testsuite hostname="JarvisLaptop" failures="0" tests="1" name="Insurance.VehicleInsurance" time="0.001" errors="0" timestamp="2022-09-12T20:29:50 IST" skipped="0">
  <testcase classname="Insurance.VehicleInsurance" name="VehicleWebLogin" time="0.001"/>
  <system-out/>
</testsuite> <!-- Insurance.VehicleInsurance -->
