<?xml version="1.0" encoding="UTF-8"?>
<!-- Generated by org.testng.reporters.JUnitReportReporter -->
<testsuite hostname="JarvisLaptop" failures="0" tests="1" name="LoginTest" time="14.725" errors="0" timestamp="2022-09-21T21:13:22 IST" skipped="0">
  <testcase classname="LoginTest" name="LoginTest" time="14.725"/>
  <system-out/>
</testsuite> <!-- LoginTest -->
