<?xml version="1.0" encoding="UTF-8"?>
<!-- Generated by org.testng.reporters.JUnitReportReporter -->
<testsuite hostname="JarvisLaptop" failures="0" tests="1" name="DropDowns" time="13.146" errors="0" timestamp="2022-08-12T20:42:05 IST" skipped="0">
  <testcase classname="DropDowns" name="demo" time="13.146"/>
  <system-out/>
</testsuite> <!-- DropDowns -->
