<?xml version="1.0" encoding="UTF-8"?>
<!-- Generated by org.testng.reporters.JUnitReportReporter -->
<testsuite hostname="JarvisLaptop" failures="0" tests="1" name="FileDownload" time="13.619" errors="0" timestamp="2022-09-14T20:44:06 IST" skipped="0">
  <testcase classname="FileDownload" name="DowloadingPDF" time="13.619"/>
  <system-out/>
</testsuite> <!-- FileDownload -->
