<?xml version="1.0" encoding="UTF-8"?>
<!-- Generated by org.testng.reporters.JUnitReportReporter -->
<testsuite hostname="JarvisLaptop" failures="0" tests="1" name="AlertInSele" time="19.790" errors="0" timestamp="2022-08-30T20:21:54 IST" skipped="0">
  <testcase classname="AlertInSele" name="AlertBoxes" time="19.790"/>
  <system-out/>
</testsuite> <!-- AlertInSele -->
