<?xml version="1.0" encoding="UTF-8"?>
<!-- Generated by org.testng.reporters.JUnitReportReporter -->
<testsuite hostname="JarvisLaptop" failures="0" tests="1" name="FileUploadInSelenium" time="10.984" errors="0" timestamp="2022-09-15T20:28:40 IST" skipped="0">
  <testcase classname="FileUploadInSelenium" name="Scrolling" time="10.984"/>
  <system-out/>
</testsuite> <!-- FileUploadInSelenium -->
