<?xml version="1.0" encoding="UTF-8"?>
<!-- Generated by org.testng.reporters.JUnitReportReporter -->
<testsuite hostname="JarvisLaptop" failures="0" tests="1" name="ScrollingInSelenium" time="9.584" errors="0" timestamp="2022-09-15T20:45:00 IST" skipped="0">
  <testcase classname="ScrollingInSelenium" name="Scrolling" time="9.584"/>
  <system-out/>
</testsuite> <!-- ScrollingInSelenium -->
