<?xml version="1.0" encoding="UTF-8"?>
<!-- Generated by org.testng.reporters.JUnitReportReporter -->
<testsuite hostname="JarvisLaptop" failures="0" tests="1" name="DemoQADragandDrop" time="27.232" errors="0" timestamp="2022-08-30T20:40:40 IST" skipped="0">
  <testcase classname="DemoQADragandDrop" name="DragandDrop" time="27.232"/>
  <system-out/>
</testsuite> <!-- DemoQADragandDrop -->
