<?xml version="1.0" encoding="UTF-8"?>
<!-- Generated by org.testng.reporters.JUnitReportReporter -->
<testsuite hostname="JarvisLaptop" failures="0" tests="1" name="DragAndDrop" time="21.071" errors="0" timestamp="2022-08-26T20:19:14 IST" skipped="0">
  <testcase classname="DragAndDrop" name="DragandDrop" time="21.071"/>
  <system-out/>
</testsuite> <!-- DragAndDrop -->
