<?xml version="1.0" encoding="UTF-8"?>
<!-- Generated by org.testng.reporters.JUnitReportReporter -->
<testsuite skipped="0" hostname="JarvisLaptop" name="Insurance.LifeInsuranceTest" tests="4" failures="0" timestamp="2022-10-11T20:55:24 IST" time="0.000" errors="0">
  <testcase name="LifeWebLogin" time="0.000" classname="Insurance.LifeInsuranceTest"/>
  <system-out/>
  <testcase name="LifeWebLogOut" time="0.000" classname="Insurance.LifeInsuranceTest"/>
  <system-out/>
  <testcase name="LifeMobileLogIn" time="0.000" classname="Insurance.LifeInsuranceTest"/>
  <system-out/>
  <testcase name="LifeMobileLogOut" time="0.000" classname="Insurance.LifeInsuranceTest"/>
  <system-out/>
</testsuite> <!-- Insurance.LifeInsuranceTest -->
