<?xml version="1.0" encoding="UTF-8"?>
<!-- Generated by org.testng.reporters.JUnitReportReporter -->
<testsuite skipped="0" hostname="JarvisLaptop" name="Insurance.DogInsuranceTest" tests="5" failures="0" timestamp="2022-10-11T20:55:24 IST" time="0.008" errors="0">
  <testcase name="CatWebLogin" time="0.003" classname="Insurance.DogInsuranceTest"/>
  <system-out/>
  <testcase name="DogWebLogin" time="0.002" classname="Insurance.DogInsuranceTest"/>
  <system-out/>
  <testcase name="DogWebLogOut" time="0.000" classname="Insurance.DogInsuranceTest"/>
  <system-out/>
  <testcase name="DogMobileLogIn" time="0.002" classname="Insurance.DogInsuranceTest"/>
  <system-out/>
  <testcase name="DogMobileLogOut" time="0.001" classname="Insurance.DogInsuranceTest"/>
  <system-out/>
</testsuite> <!-- Insurance.DogInsuranceTest -->
