<?xml version="1.0" encoding="UTF-8"?>
<!-- Generated by org.testng.reporters.JUnitReportReporter -->
<testsuite hostname="JarvisLaptop" failures="0" tests="4" name="Insurance.VehicleInsuranceTest" time="0.005" errors="0" timestamp="2022-10-11T21:01:32 IST" skipped="0">
  <testcase classname="Insurance.VehicleInsuranceTest" name="VehicleWebLogin" time="0.004"/>
  <system-out/>
  <testcase classname="Insurance.VehicleInsuranceTest" name="VehicleWebLogOut" time="0.000"/>
  <system-out/>
  <testcase classname="Insurance.VehicleInsuranceTest" name="VehicleMobileLogIn" time="0.000"/>
  <system-out/>
  <testcase classname="Insurance.VehicleInsuranceTest" name="VehicleMobileLogOut" time="0.001"/>
  <system-out/>
</testsuite> <!-- Insurance.VehicleInsuranceTest -->
